Analysis & Synthesis report for NonPU
Thu Feb  5 18:01:40 2026
Quartus Prime Version 23.1std.1 Build 993 05/14/2024 SC Lite Edition


---------------------
; Table of Contents ;
---------------------
  1. Legal Notice
  2. Analysis & Synthesis Summary
  3. Analysis & Synthesis Settings
  4. Parallel Compilation
  5. Analysis & Synthesis Source Files Read
  6. Analysis & Synthesis Resource Usage Summary
  7. Analysis & Synthesis Resource Utilization by Entity
  8. General Register Statistics
  9. Port Connectivity Checks: "spike2letter:u_spike2letter"
 10. Port Connectivity Checks: "sheet:u_sheet|superneuron:u_superneuron"
 11. Post-Synthesis Netlist Statistics for Top Partition
 12. Elapsed Time Per Partition
 13. Analysis & Synthesis Messages



----------------
; Legal Notice ;
----------------
Copyright (C) 2024  Intel Corporation. All rights reserved.
Your use of Intel Corporation's design tools, logic functions 
and other software and tools, and any partner logic 
functions, and any output files from any of the foregoing 
(including device programming or simulation files), and any 
associated documentation or information are expressly subject 
to the terms and conditions of the Intel Program License 
Subscription Agreement, the Intel Quartus Prime License Agreement,
the Intel FPGA IP License Agreement, or other applicable license
agreement, including, without limitation, that your use is for
the sole purpose of programming logic devices manufactured by
Intel and sold by Intel or its authorized distributors.  Please
refer to the applicable agreement for further details, at
https://fpgasoftware.intel.com/eula.



+-------------------------------------------------------------------------------------+
; Analysis & Synthesis Summary                                                        ;
+------------------------------------+------------------------------------------------+
; Analysis & Synthesis Status        ; Successful - Thu Feb  5 18:01:40 2026          ;
; Quartus Prime Version              ; 23.1std.1 Build 993 05/14/2024 SC Lite Edition ;
; Revision Name                      ; NonPU                                          ;
; Top-level Entity Name              ; nonpu                                          ;
; Family                             ; Cyclone IV E                                   ;
; Total logic elements               ; 0                                              ;
;     Total combinational functions  ; 0                                              ;
;     Dedicated logic registers      ; 0                                              ;
; Total registers                    ; 0                                              ;
; Total pins                         ; 2                                              ;
; Total virtual pins                 ; 0                                              ;
; Total memory bits                  ; 0                                              ;
; Embedded Multiplier 9-bit elements ; 0                                              ;
; Total PLLs                         ; 0                                              ;
+------------------------------------+------------------------------------------------+


+------------------------------------------------------------------------------------------------------------+
; Analysis & Synthesis Settings                                                                              ;
+------------------------------------------------------------------+--------------------+--------------------+
; Option                                                           ; Setting            ; Default Value      ;
+------------------------------------------------------------------+--------------------+--------------------+
; Device                                                           ; EP4CE15F23C8       ;                    ;
; Top-level entity name                                            ; nonpu              ; NonPU              ;
; Family name                                                      ; Cyclone IV E       ; Cyclone V          ;
; Use smart compilation                                            ; Off                ; Off                ;
; Enable parallel Assembler and Timing Analyzer during compilation ; On                 ; On                 ;
; Enable compact report table                                      ; Off                ; Off                ;
; Restructure Multiplexers                                         ; Auto               ; Auto               ;
; Create Debugging Nodes for IP Cores                              ; Off                ; Off                ;
; Preserve fewer node names                                        ; On                 ; On                 ;
; Intel FPGA IP Evaluation Mode                                    ; Enable             ; Enable             ;
; Verilog Version                                                  ; Verilog_2001       ; Verilog_2001       ;
; VHDL Version                                                     ; VHDL_1993          ; VHDL_1993          ;
; State Machine Processing                                         ; Auto               ; Auto               ;
; Safe State Machine                                               ; Off                ; Off                ;
; Extract Verilog State Machines                                   ; On                 ; On                 ;
; Extract VHDL State Machines                                      ; On                 ; On                 ;
; Ignore Verilog initial constructs                                ; Off                ; Off                ;
; Iteration limit for constant Verilog loops                       ; 5000               ; 5000               ;
; Iteration limit for non-constant Verilog loops                   ; 250                ; 250                ;
; Add Pass-Through Logic to Inferred RAMs                          ; On                 ; On                 ;
; Infer RAMs from Raw Logic                                        ; On                 ; On                 ;
; Parallel Synthesis                                               ; On                 ; On                 ;
; DSP Block Balancing                                              ; Auto               ; Auto               ;
; NOT Gate Push-Back                                               ; On                 ; On                 ;
; Power-Up Don't Care                                              ; On                 ; On                 ;
; Remove Redundant Logic Cells                                     ; Off                ; Off                ;
; Remove Duplicate Registers                                       ; On                 ; On                 ;
; Ignore CARRY Buffers                                             ; Off                ; Off                ;
; Ignore CASCADE Buffers                                           ; Off                ; Off                ;
; Ignore GLOBAL Buffers                                            ; Off                ; Off                ;
; Ignore ROW GLOBAL Buffers                                        ; Off                ; Off                ;
; Ignore LCELL Buffers                                             ; Off                ; Off                ;
; Ignore SOFT Buffers                                              ; On                 ; On                 ;
; Limit AHDL Integers to 32 Bits                                   ; Off                ; Off                ;
; Optimization Technique                                           ; Balanced           ; Balanced           ;
; Carry Chain Length                                               ; 70                 ; 70                 ;
; Auto Carry Chains                                                ; On                 ; On                 ;
; Auto Open-Drain Pins                                             ; On                 ; On                 ;
; Perform WYSIWYG Primitive Resynthesis                            ; Off                ; Off                ;
; Auto ROM Replacement                                             ; On                 ; On                 ;
; Auto RAM Replacement                                             ; On                 ; On                 ;
; Auto DSP Block Replacement                                       ; On                 ; On                 ;
; Auto Shift Register Replacement                                  ; Auto               ; Auto               ;
; Allow Shift Register Merging across Hierarchies                  ; Auto               ; Auto               ;
; Auto Clock Enable Replacement                                    ; On                 ; On                 ;
; Strict RAM Replacement                                           ; Off                ; Off                ;
; Allow Synchronous Control Signals                                ; On                 ; On                 ;
; Force Use of Synchronous Clear Signals                           ; Off                ; Off                ;
; Auto RAM Block Balancing                                         ; On                 ; On                 ;
; Auto RAM to Logic Cell Conversion                                ; Off                ; Off                ;
; Auto Resource Sharing                                            ; Off                ; Off                ;
; Allow Any RAM Size For Recognition                               ; Off                ; Off                ;
; Allow Any ROM Size For Recognition                               ; Off                ; Off                ;
; Allow Any Shift Register Size For Recognition                    ; Off                ; Off                ;
; Use LogicLock Constraints during Resource Balancing              ; On                 ; On                 ;
; Ignore translate_off and synthesis_off directives                ; Off                ; Off                ;
; Timing-Driven Synthesis                                          ; On                 ; On                 ;
; Report Parameter Settings                                        ; On                 ; On                 ;
; Report Source Assignments                                        ; On                 ; On                 ;
; Report Connectivity Checks                                       ; On                 ; On                 ;
; Ignore Maximum Fan-Out Assignments                               ; Off                ; Off                ;
; Synchronization Register Chain Length                            ; 2                  ; 2                  ;
; Power Optimization During Synthesis                              ; Normal compilation ; Normal compilation ;
; HDL message level                                                ; Level2             ; Level2             ;
; Suppress Register Optimization Related Messages                  ; Off                ; Off                ;
; Number of Removed Registers Reported in Synthesis Report         ; 5000               ; 5000               ;
; Number of Swept Nodes Reported in Synthesis Report               ; 5000               ; 5000               ;
; Number of Inverted Registers Reported in Synthesis Report        ; 100                ; 100                ;
; Clock MUX Protection                                             ; On                 ; On                 ;
; Auto Gated Clock Conversion                                      ; Off                ; Off                ;
; Block Design Naming                                              ; Auto               ; Auto               ;
; SDC constraint protection                                        ; Off                ; Off                ;
; Synthesis Effort                                                 ; Auto               ; Auto               ;
; Shift Register Replacement - Allow Asynchronous Clear Signal     ; On                 ; On                 ;
; Pre-Mapping Resynthesis Optimization                             ; Off                ; Off                ;
; Analysis & Synthesis Message Level                               ; Medium             ; Medium             ;
; Disable Register Merging Across Hierarchies                      ; Auto               ; Auto               ;
; Resource Aware Inference For Block RAM                           ; On                 ; On                 ;
+------------------------------------------------------------------+--------------------+--------------------+


+------------------------------------------+
; Parallel Compilation                     ;
+----------------------------+-------------+
; Processors                 ; Number      ;
+----------------------------+-------------+
; Number detected on machine ; 8           ;
; Maximum allowed            ; 4           ;
;                            ;             ;
; Average used               ; 1.00        ;
; Maximum used               ; 1           ;
;                            ;             ;
; Usage by Processor         ; % Time Used ;
;     Processor 1            ; 100.0%      ;
+----------------------------+-------------+


+----------------------------------------------------------------------------------------------------------------------------------+
; Analysis & Synthesis Source Files Read                                                                                           ;
+----------------------------------+-----------------+------------------------+------------------------------------------+---------+
; File Name with User-Entered Path ; Used in Netlist ; File Type              ; File Name with Absolute Path             ; Library ;
+----------------------------------+-----------------+------------------------+------------------------------------------+---------+
; spike2letter.v                   ; yes             ; User Verilog HDL File  ; C:/Users/HP/Desktop/NonPU/spike2letter.v ;         ;
; sheet.v                          ; yes             ; User Verilog HDL File  ; C:/Users/HP/Desktop/NonPU/sheet.v        ;         ;
; superneuron.v                    ; yes             ; User Verilog HDL File  ; C:/Users/HP/Desktop/NonPU/superneuron.v  ;         ;
; nonpu.v                          ; yes             ; User Verilog HDL File  ; C:/Users/HP/Desktop/NonPU/nonpu.v        ;         ;
+----------------------------------+-----------------+------------------------+------------------------------------------+---------+


+-----------------------------------------------------+
; Analysis & Synthesis Resource Usage Summary         ;
+---------------------------------------------+-------+
; Resource                                    ; Usage ;
+---------------------------------------------+-------+
;                                             ;       ;
; Total combinational functions               ; 0     ;
; Logic element usage by number of LUT inputs ;       ;
;     -- 4 input functions                    ; 0     ;
;     -- 3 input functions                    ; 0     ;
;     -- <=2 input functions                  ; 0     ;
;                                             ;       ;
; Logic elements by mode                      ;       ;
;     -- normal mode                          ; 0     ;
;     -- arithmetic mode                      ; 0     ;
;                                             ;       ;
; Total registers                             ; 0     ;
;     -- Dedicated logic registers            ; 0     ;
;     -- I/O registers                        ; 0     ;
;                                             ;       ;
; I/O pins                                    ; 2     ;
;                                             ;       ;
; Embedded Multiplier 9-bit elements          ; 0     ;
;                                             ;       ;
; Maximum fan-out node                        ; clk   ;
; Maximum fan-out                             ; 1     ;
; Total fan-out                               ; 2     ;
; Average fan-out                             ; 0.50  ;
+---------------------------------------------+-------+


+----------------------------------------------------------------------------------------------------------------------------------------------------------------------------------------------------------+
; Analysis & Synthesis Resource Utilization by Entity                                                                                                                                                      ;
+----------------------------+---------------------+---------------------------+-------------+--------------+---------+-----------+------+--------------+---------------------+-------------+--------------+
; Compilation Hierarchy Node ; Combinational ALUTs ; Dedicated Logic Registers ; Memory Bits ; DSP Elements ; DSP 9x9 ; DSP 18x18 ; Pins ; Virtual Pins ; Full Hierarchy Name ; Entity Name ; Library Name ;
+----------------------------+---------------------+---------------------------+-------------+--------------+---------+-----------+------+--------------+---------------------+-------------+--------------+
; |nonpu                     ; 0 (0)               ; 0 (0)                     ; 0           ; 0            ; 0       ; 0         ; 2    ; 0            ; |nonpu              ; nonpu       ; work         ;
+----------------------------+---------------------+---------------------------+-------------+--------------+---------+-----------+------+--------------+---------------------+-------------+--------------+
Note: For table entries with two numbers listed, the numbers in parentheses indicate the number of resources of the given type used by the specific entity alone. The numbers listed outside of parentheses indicate the total resources of the given type used by the specific entity and all of its sub-entities in the hierarchy.


+------------------------------------------------------+
; General Register Statistics                          ;
+----------------------------------------------+-------+
; Statistic                                    ; Value ;
+----------------------------------------------+-------+
; Total registers                              ; 0     ;
; Number of registers using Synchronous Clear  ; 0     ;
; Number of registers using Synchronous Load   ; 0     ;
; Number of registers using Asynchronous Clear ; 0     ;
; Number of registers using Asynchronous Load  ; 0     ;
; Number of registers using Clock Enable       ; 0     ;
; Number of registers using Preset             ; 0     ;
+----------------------------------------------+-------+


+---------------------------------------------------------+
; Port Connectivity Checks: "spike2letter:u_spike2letter" ;
+--------+--------+----------+----------------------------+
; Port   ; Type   ; Severity ; Details                    ;
+--------+--------+----------+----------------------------+
; letter ; Output ; Info     ; Explicitly unconnected     ;
+--------+--------+----------+----------------------------+


+---------------------------------------------------------------------+
; Port Connectivity Checks: "sheet:u_sheet|superneuron:u_superneuron" ;
+----------------------+-------+----------+---------------------------+
; Port                 ; Type  ; Severity ; Details                   ;
+----------------------+-------+----------+---------------------------+
; input_current[15..4] ; Input ; Info     ; Stuck at GND              ;
; input_current[3]     ; Input ; Info     ; Stuck at VCC              ;
; input_current[2]     ; Input ; Info     ; Stuck at GND              ;
; input_current[1]     ; Input ; Info     ; Stuck at VCC              ;
; input_current[0]     ; Input ; Info     ; Stuck at GND              ;
+----------------------+-------+----------+---------------------------+


+-----------------------------------------------------+
; Post-Synthesis Netlist Statistics for Top Partition ;
+-------------------+---------------------------------+
; Type              ; Count                           ;
+-------------------+---------------------------------+
; boundary_port     ; 2                               ;
;                   ;                                 ;
; Max LUT depth     ; 0.00                            ;
; Average LUT depth ; 0.00                            ;
+-------------------+---------------------------------+


+-------------------------------+
; Elapsed Time Per Partition    ;
+----------------+--------------+
; Partition Name ; Elapsed Time ;
+----------------+--------------+
; Top            ; 00:00:00     ;
+----------------+--------------+


+-------------------------------+
; Analysis & Synthesis Messages ;
+-------------------------------+
Info: *******************************************************************
Info: Running Quartus Prime Analysis & Synthesis
    Info: Version 23.1std.1 Build 993 05/14/2024 SC Lite Edition
    Info: Processing started: Thu Feb  5 18:01:28 2026
Info: Command: quartus_map --read_settings_files=on --write_settings_files=off NonPU -c NonPU
Warning (18236): Number of processors has not been specified which may cause overloading on shared machines.  Set the global assignment NUM_PARALLEL_PROCESSORS in your QSF to an appropriate value for best performance.
Info (20030): Parallel compilation is enabled and will use 4 of the 4 processors detected
Info (12021): Found 1 design units, including 1 entities, in source file fb_ram.v
    Info (12023): Found entity 1: fb_ram File: C:/Users/HP/Desktop/NonPU/fb_ram.v Line: 1
Info (12021): Found 1 design units, including 1 entities, in source file spike2letter.v
    Info (12023): Found entity 1: spike2letter File: C:/Users/HP/Desktop/NonPU/spike2letter.v Line: 1
Info (12021): Found 1 design units, including 1 entities, in source file sheet.v
    Info (12023): Found entity 1: sheet File: C:/Users/HP/Desktop/NonPU/sheet.v Line: 1
Info (12021): Found 1 design units, including 1 entities, in source file activitymonitor.v
    Info (12023): Found entity 1: activitymonitor File: C:/Users/HP/Desktop/NonPU/activitymonitor.v Line: 1
Info (12021): Found 1 design units, including 1 entities, in source file neuronalpipes.v
    Info (12023): Found entity 1: neuronalpipes File: C:/Users/HP/Desktop/NonPU/neuronalpipes.v Line: 1
Info (12021): Found 1 design units, including 1 entities, in source file superneuron.v
    Info (12023): Found entity 1: superneuron File: C:/Users/HP/Desktop/NonPU/superneuron.v Line: 1
Info (12021): Found 1 design units, including 1 entities, in source file nonpu.v
    Info (12023): Found entity 1: nonpu File: C:/Users/HP/Desktop/NonPU/nonpu.v Line: 1
Info (12127): Elaborating entity "nonpu" for the top level hierarchy
Info (12128): Elaborating entity "sheet" for hierarchy "sheet:u_sheet" File: C:/Users/HP/Desktop/NonPU/nonpu.v Line: 14
Info (12128): Elaborating entity "superneuron" for hierarchy "sheet:u_sheet|superneuron:u_superneuron" File: C:/Users/HP/Desktop/NonPU/sheet.v Line: 17
Warning (10240): Verilog HDL Always Construct warning at superneuron.v(11): inferring latch(es) for variable "global_gain", which holds its previous value in one or more paths through the always construct File: C:/Users/HP/Desktop/NonPU/superneuron.v Line: 11
Info (10041): Inferred latch for "global_gain[0]" at superneuron.v(11) File: C:/Users/HP/Desktop/NonPU/superneuron.v Line: 11
Info (10041): Inferred latch for "global_gain[1]" at superneuron.v(11) File: C:/Users/HP/Desktop/NonPU/superneuron.v Line: 11
Info (10041): Inferred latch for "global_gain[2]" at superneuron.v(11) File: C:/Users/HP/Desktop/NonPU/superneuron.v Line: 11
Info (10041): Inferred latch for "global_gain[3]" at superneuron.v(11) File: C:/Users/HP/Desktop/NonPU/superneuron.v Line: 11
Info (10041): Inferred latch for "global_gain[4]" at superneuron.v(11) File: C:/Users/HP/Desktop/NonPU/superneuron.v Line: 11
Info (10041): Inferred latch for "global_gain[5]" at superneuron.v(11) File: C:/Users/HP/Desktop/NonPU/superneuron.v Line: 11
Info (10041): Inferred latch for "global_gain[6]" at superneuron.v(11) File: C:/Users/HP/Desktop/NonPU/superneuron.v Line: 11
Info (10041): Inferred latch for "global_gain[7]" at superneuron.v(11) File: C:/Users/HP/Desktop/NonPU/superneuron.v Line: 11
Info (10041): Inferred latch for "global_gain[8]" at superneuron.v(11) File: C:/Users/HP/Desktop/NonPU/superneuron.v Line: 11
Info (10041): Inferred latch for "global_gain[9]" at superneuron.v(11) File: C:/Users/HP/Desktop/NonPU/superneuron.v Line: 11
Info (10041): Inferred latch for "global_gain[10]" at superneuron.v(11) File: C:/Users/HP/Desktop/NonPU/superneuron.v Line: 11
Info (10041): Inferred latch for "global_gain[11]" at superneuron.v(11) File: C:/Users/HP/Desktop/NonPU/superneuron.v Line: 11
Info (10041): Inferred latch for "global_gain[12]" at superneuron.v(11) File: C:/Users/HP/Desktop/NonPU/superneuron.v Line: 11
Info (10041): Inferred latch for "global_gain[13]" at superneuron.v(11) File: C:/Users/HP/Desktop/NonPU/superneuron.v Line: 11
Info (10041): Inferred latch for "global_gain[14]" at superneuron.v(11) File: C:/Users/HP/Desktop/NonPU/superneuron.v Line: 11
Info (10041): Inferred latch for "global_gain[15]" at superneuron.v(11) File: C:/Users/HP/Desktop/NonPU/superneuron.v Line: 11
Info (12128): Elaborating entity "spike2letter" for hierarchy "spike2letter:u_spike2letter" File: C:/Users/HP/Desktop/NonPU/nonpu.v Line: 23
Info (16010): Generating hard_block partition "hard_block:auto_generated_inst"
    Info (16011): Adding 0 node(s), including 0 DDIO, 0 PLL, 0 transceiver and 0 LCELL
Warning (21074): Design contains 2 input pin(s) that do not drive logic
    Warning (15610): No output dependent on input pin "clk" File: C:/Users/HP/Desktop/NonPU/nonpu.v Line: 2
    Warning (15610): No output dependent on input pin "reset" File: C:/Users/HP/Desktop/NonPU/nonpu.v Line: 4
Info (21057): Implemented 2 device resources after synthesis - the final resource count might be different
    Info (21058): Implemented 2 input pins
    Info (21059): Implemented 0 output pins
Info: Quartus Prime Analysis & Synthesis was successful. 0 errors, 5 warnings
    Info: Peak virtual memory: 4735 megabytes
    Info: Processing ended: Thu Feb  5 18:01:40 2026
    Info: Elapsed time: 00:00:12
    Info: Total CPU time (on all processors): 00:00:14


